Arguments: 
  D:\Program Files\nodejs\node.exe D:\Program Files (x86)\Yarn\bin\yarn.js install

PATH: 
  C:\Users\Administrator\bin;D:\Program Files\Git\mingw64\bin;D:\Program Files\Git\usr\local\bin;D:\Program Files\Git\usr\bin;D:\Program Files\Git\usr\bin;D:\Program Files\Git\mingw64\bin;D:\Program Files\Git\usr\bin;C:\Users\Administrator\bin;C:\Windows\system32;C:\Windows;C:\Windows\System32\Wbem;C:\Windows\System32\WindowsPowerShell\v1.0;C:\Program Files (x86)\NVIDIA Corporation\PhysX\Common;D:\Program Files\nodejs;D:\Program Files\Git\cmd;D:\Program Files (x86)\Yarn\bin;C:\Users\Administrator\AppData\Roaming\npm;C:\Program Files\Microsoft VS Code\bin;C:\Users\Administrator\AppData\Local\GitHubDesktop\bin;C:\Users\Administrator\AppData\Local\Yarn\bin;D:\Program Files\Git\usr\bin\vendor_perl;D:\Program Files\Git\usr\bin\core_perl

Yarn version: 
  1.5.1

Node version: 
  8.9.3

Platform: 
  win32 x64

npm manifest: 
  {
    "name": "wl-webpack",
    "version": "1.0.0",
    "description": "",
    "main": "index.js",
    "scripts": {
      "build": "webpack",
      "test": "echo \"Error: no test specified\" && exit 1"
    },
    "author": "",
    "license": "ISC",
    "dependencies": {
      "babel-core": "^6.26.0",
      "babel-loader": "^7.1.2",
      "babel-preset-es2015": "^6.24.1",
      "css-loader": "^0.28.7",
      "file-loader": "^1.1.5",
      "jquery": "^3.3.1",
      "js-base64": "^2.4.3",
      "node-sass": "^4.7.2",
      "sass-loader": "^6.0.6",
      "style-loader": "^0.19.0",
      "vue": "^2.5.13",
      "vue-loader": "^13.5.0",
      "vue-router": "^3.0.1",
      "vue-socket.io": "^2.1.1-b",
      "vue-template-compiler": "^2.5.7",
      "vue-upload-component": "^2.8.3",
      "vuex": "^3.0.1",
      "webpack": "^2.7.0",
      "webpack-dev-server": "^2.9.4"
    }
  }

yarn manifest: 
  No manifest

Lockfile: 
  No lockfile

Trace: 
  Error: E:\project\big_webpack\node_modules\node-sass: Command failed.
  Exit code: 1
  Command: C:\Windows\system32\cmd.exe
  Arguments: /d /s /c node scripts/build.js
  Directory: E:\project\big_webpack\node_modules\node-sass
  Output:
  Building: D:\Program Files\nodejs\node.exe E:\project\big_webpack\node_modules\node-gyp\bin\node-gyp.js rebuild --verbose --libsass_ext= --libsass_cflags= --libsass_ldflags= --libsass_library=
  gyp info it worked if it ends with ok
  gyp verb cli [ 'D:\\Program Files\\nodejs\\node.exe',
  gyp verb cli   'E:\\project\\big_webpack\\node_modules\\node-gyp\\bin\\node-gyp.js',
  gyp verb cli   'rebuild',
  gyp verb cli   '--verbose',
  gyp verb cli   '--libsass_ext=',
  gyp verb cli   '--libsass_cflags=',
  gyp verb cli   '--libsass_ldflags=',
  gyp verb cli   '--libsass_library=' ]
  gyp info using node-gyp@3.6.2
  gyp info using node@8.9.3 | win32 | x64
  gyp verb command rebuild []
  gyp verb command clean []
  gyp verb clean removing "build" directory
  gyp verb command configure []
  gyp verb check python checking for Python executable "python2" in the PATH
  gyp verb `which` failed Error: not found: python2
  gyp verb `which` failed     at getNotFoundError (E:\project\big_webpack\node_modules\which\which.js:13:12)
  gyp verb `which` failed     at F (E:\project\big_webpack\node_modules\which\which.js:68:19)
  gyp verb `which` failed     at E (E:\project\big_webpack\node_modules\which\which.js:80:29)
  gyp verb `which` failed     at E:\project\big_webpack\node_modules\which\which.js:89:16
  gyp verb `which` failed     at E:\project\big_webpack\node_modules\isexe\index.js:42:5
  gyp verb `which` failed     at E:\project\big_webpack\node_modules\isexe\windows.js:36:5
  gyp verb `which` failed     at FSReqWrap.oncomplete (fs.js:152:21)
  gyp verb `which` failed  python2 { Error: not found: python2
  gyp verb `which` failed     at getNotFoundError (E:\project\big_webpack\node_modules\which\which.js:13:12)
  gyp verb `which` failed     at F (E:\project\big_webpack\node_modules\which\which.js:68:19)
  gyp verb `which` failed     at E (E:\project\big_webpack\node_modules\which\which.js:80:29)
  gyp verb `which` failed     at E:\project\big_webpack\node_modules\which\which.js:89:16
  gyp verb `which` failed     at E:\project\big_webpack\node_modules\isexe\index.js:42:5
  gyp verb `which` failed     at E:\project\big_webpack\node_modules\isexe\windows.js:36:5
  gyp verb `which` failed     at FSReqWrap.oncomplete (fs.js:152:21)
  gyp verb `which` failed   stack: 'Error: not found: python2\n    at getNotFoundError (E:\\project\\big_webpack\\node_modules\\which\\which.js:13:12)\n    at F (E:\\project\\big_webpack\\node_modules\\which\\which.js:68:19)\n    at E (E:\\project\\big_webpack\\node_modules\\which\\which.js:80:29)\n    at E:\\project\\big_webpack\\node_modules\\which\\which.js:89:16\n    at E:\\project\\big_webpack\\node_modules\\isexe\\index.js:42:5\n    at E:\\project\\big_webpack\\node_modules\\isexe\\windows.js:36:5\n    at FSReqWrap.oncomplete (fs.js:152:21)',
  gyp verb `which` failed   code: 'ENOENT' }
  gyp verb check python checking for Python executable "python" in the PATH
  gyp verb `which` failed Error: not found: python
  gyp verb `which` failed     at getNotFoundError (E:\project\big_webpack\node_modules\which\which.js:13:12)
  gyp verb `which` failed     at F (E:\project\big_webpack\node_modules\which\which.js:68:19)
  gyp verb `which` failed     at E (E:\project\big_webpack\node_modules\which\which.js:80:29)
  gyp verb `which` failed     at E:\project\big_webpack\node_modules\which\which.js:89:16
  gyp verb `which` failed     at E:\project\big_webpack\node_modules\isexe\index.js:42:5
  gyp verb `which` failed     at E:\project\big_webpack\node_modules\isexe\windows.js:36:5
  gyp verb `which` failed     at FSReqWrap.oncomplete (fs.js:152:21)
  gyp verb `which` failed  python { Error: not found: python
  gyp verb `which` failed     at getNotFoundError (E:\project\big_webpack\node_modules\which\which.js:13:12)
  gyp verb `which` failed     at F (E:\project\big_webpack\node_modules\which\which.js:68:19)
  gyp verb `which` failed     at E (E:\project\big_webpack\node_modules\which\which.js:80:29)
  gyp verb `which` failed     at E:\project\big_webpack\node_modules\which\which.js:89:16
  gyp verb `which` failed     at E:\project\big_webpack\node_modules\isexe\index.js:42:5
  gyp verb `which` failed     at E:\project\big_webpack\node_modules\isexe\windows.js:36:5
  gyp verb `which` failed     at FSReqWrap.oncomplete (fs.js:152:21)
  gyp verb `which` failed   stack: 'Error: not found: python\n    at getNotFoundError (E:\\project\\big_webpack\\node_modules\\which\\which.js:13:12)\n    at F (E:\\project\\big_webpack\\node_modules\\which\\which.js:68:19)\n    at E (E:\\project\\big_webpack\\node_modules\\which\\which.js:80:29)\n    at E:\\project\\big_webpack\\node_modules\\which\\which.js:89:16\n    at E:\\project\\big_webpack\\node_modules\\isexe\\index.js:42:5\n    at E:\\project\\big_webpack\\node_modules\\isexe\\windows.js:36:5\n    at FSReqWrap.oncomplete (fs.js:152:21)',
  gyp verb `which` failed   code: 'ENOENT' }
  gyp verb could not find "python". checking python launcher 
  gyp verb could not find "python". guessing location 
  gyp verb ensuring that file exists: C:\Python27\python.exe
  gyp ERR! configure error 
  gyp ERR! stack Error: Can't find Python executable "python", you can set the PYTHON env variable.
  gyp ERR! stack     at PythonFinder.failNoPython (E:\project\big_webpack\node_modules\node-gyp\lib\configure.js:483:19)
  gyp ERR! stack     at PythonFinder.<anonymous> (E:\project\big_webpack\node_modules\node-gyp\lib\configure.js:508:16)
  gyp ERR! stack     at E:\project\big_webpack\node_modules\graceful-fs\polyfills.js:284:29
  gyp ERR! stack     at FSReqWrap.oncomplete (fs.js:152:21)
  gyp ERR! System Windows_NT 6.1.7601
  gyp ERR! command "D:\\Program Files\\nodejs\\node.exe" "E:\\project\\big_webpack\\node_modules\\node-gyp\\bin\\node-gyp.js" "rebuild" "--verbose" "--libsass_ext=" "--libsass_cflags=" "--libsass_ldflags=" "--libsass_library="
  gyp ERR! cwd E:\project\big_webpack\node_modules\node-sass
  gyp ERR! node -v v8.9.3
  gyp ERR! node-gyp -v v3.6.2
  gyp ERR! not ok 
  Build failed with error code: 1
      at ProcessTermError.MessageError (D:\Program Files (x86)\Yarn\lib\cli.js:186:110)
      at new ProcessTermError (D:\Program Files (x86)\Yarn\lib\cli.js:226:113)
      at ChildProcess.<anonymous> (D:\Program Files (x86)\Yarn\lib\cli.js:30281:17)
      at emitTwo (events.js:126:13)
      at ChildProcess.emit (events.js:214:7)
      at maybeClose (internal/child_process.js:925:16)
      at Process.ChildProcess._handle.onexit (internal/child_process.js:209:5)
